{"C:\\Users\\ivanf\\OneDrive\\Área de Trabalho\\simodis-backend\\server.js": {"path":"C:\\Users\\ivanf\\OneDrive\\Área de Trabalho\\simodis-backend\\server.js","statementMap":{"0":{"start":{"line":1,"column":0},"end":{"line":3,"column":3}},"1":{"start":{"line":4,"column":16},"end":{"line":4,"column":34}},"2":{"start":{"line":5,"column":13},"end":{"line":5,"column":28}},"3":{"start":{"line":6,"column":18},"end":{"line":6,"column":41}},"4":{"start":{"line":8,"column":18},"end":{"line":8,"column":41}},"5":{"start":{"line":10,"column":0},"end":{"line":14,"column":3}},"6":{"start":{"line":11,"column":4},"end":{"line":11,"column":41}},"7":{"start":{"line":13,"column":4},"end":{"line":13,"column":58}},"8":{"start":{"line":16,"column":15},"end":{"line":16,"column":24}},"9":{"start":{"line":18,"column":0},"end":{"line":18,"column":21}},"10":{"start":{"line":19,"column":0},"end":{"line":19,"column":27}},"11":{"start":{"line":20,"column":0},"end":{"line":20,"column":49}},"12":{"start":{"line":22,"column":0},"end":{"line":22,"column":47}},"13":{"start":{"line":24,"column":0},"end":{"line":24,"column":27}},"14":{"start":{"line":26,"column":0},"end":{"line":26,"column":24}}},"fnMap":{"0":{"name":"(anonymous_0)","decl":{"start":{"line":10,"column":30},"end":{"line":10,"column":31}},"loc":{"start":{"line":10,"column":40},"end":{"line":12,"column":1}},"line":10},"1":{"name":"(anonymous_1)","decl":{"start":{"line":12,"column":9},"end":{"line":12,"column":10}},"loc":{"start":{"line":12,"column":24},"end":{"line":14,"column":1}},"line":12}},"branchMap":{"0":{"loc":{"start":{"line":2,"column":10},"end":{"line":2,"column":70}},"type":"cond-expr","locations":[{"start":{"line":2,"column":50},"end":{"line":2,"column":56}},{"start":{"line":2,"column":59},"end":{"line":2,"column":70}}],"line":2}},"s":{"0":1,"1":1,"2":1,"3":1,"4":1,"5":1,"6":1,"7":0,"8":1,"9":1,"10":1,"11":1,"12":1,"13":1,"14":1},"f":{"0":1,"1":0},"b":{"0":[0,1]},"_coverageSchema":"1a1c01bbd47fc00a2c39e90264f33305004495a9","hash":"84017682b5d5437985b7bc7d0fc5e7ef854e166f"}
,"C:\\Users\\ivanf\\OneDrive\\Área de Trabalho\\simodis-backend\\config\\index.js": {"path":"C:\\Users\\ivanf\\OneDrive\\Área de Trabalho\\simodis-backend\\config\\index.js","statementMap":{"0":{"start":{"line":1,"column":19},"end":{"line":1,"column":40}},"1":{"start":{"line":4,"column":20},"end":{"line":18,"column":2}},"2":{"start":{"line":20,"column":0},"end":{"line":20,"column":29}}},"fnMap":{},"branchMap":{},"s":{"0":1,"1":1,"2":1},"f":{},"b":{},"_coverageSchema":"1a1c01bbd47fc00a2c39e90264f33305004495a9","hash":"a32403a5b562b0523f824b8b3359dd419c7a4911"}
,"C:\\Users\\ivanf\\OneDrive\\Área de Trabalho\\simodis-backend\\src\\routes.js": {"path":"C:\\Users\\ivanf\\OneDrive\\Área de Trabalho\\simodis-backend\\src\\routes.js","statementMap":{"0":{"start":{"line":1,"column":16},"end":{"line":1,"column":34}},"1":{"start":{"line":2,"column":15},"end":{"line":2,"column":31}},"2":{"start":{"line":3,"column":19},"end":{"line":3,"column":42}},"3":{"start":{"line":5,"column":23},"end":{"line":5,"column":61}},"4":{"start":{"line":6,"column":23},"end":{"line":6,"column":61}},"5":{"start":{"line":7,"column":25},"end":{"line":7,"column":65}},"6":{"start":{"line":8,"column":24},"end":{"line":8,"column":63}},"7":{"start":{"line":9,"column":24},"end":{"line":9,"column":64}},"8":{"start":{"line":10,"column":28},"end":{"line":10,"column":71}},"9":{"start":{"line":12,"column":24},"end":{"line":12,"column":63}},"10":{"start":{"line":13,"column":22},"end":{"line":13,"column":59}},"11":{"start":{"line":14,"column":22},"end":{"line":14,"column":59}},"12":{"start":{"line":15,"column":26},"end":{"line":15,"column":68}},"13":{"start":{"line":17,"column":13},"end":{"line":17,"column":42}},"14":{"start":{"line":19,"column":0},"end":{"line":19,"column":72}},"15":{"start":{"line":20,"column":0},"end":{"line":20,"column":72}},"16":{"start":{"line":21,"column":0},"end":{"line":25,"column":1}},"17":{"start":{"line":26,"column":0},"end":{"line":30,"column":1}},"18":{"start":{"line":31,"column":0},"end":{"line":36,"column":1}},"19":{"start":{"line":37,"column":0},"end":{"line":37,"column":54}},"20":{"start":{"line":39,"column":0},"end":{"line":39,"column":64}},"21":{"start":{"line":41,"column":0},"end":{"line":46,"column":1}},"22":{"start":{"line":47,"column":0},"end":{"line":47,"column":71}},"23":{"start":{"line":48,"column":0},"end":{"line":48,"column":56}},"24":{"start":{"line":49,"column":0},"end":{"line":49,"column":65}},"25":{"start":{"line":50,"column":0},"end":{"line":50,"column":56}},"26":{"start":{"line":52,"column":0},"end":{"line":52,"column":63}},"27":{"start":{"line":54,"column":0},"end":{"line":54,"column":51}},"28":{"start":{"line":56,"column":0},"end":{"line":56,"column":63}},"29":{"start":{"line":58,"column":0},"end":{"line":58,"column":52}},"30":{"start":{"line":60,"column":0},"end":{"line":64,"column":1}},"31":{"start":{"line":66,"column":0},"end":{"line":66,"column":23}}},"fnMap":{},"branchMap":{},"s":{"0":1,"1":1,"2":1,"3":1,"4":1,"5":1,"6":1,"7":1,"8":1,"9":1,"10":1,"11":1,"12":1,"13":1,"14":1,"15":1,"16":1,"17":1,"18":1,"19":1,"20":1,"21":1,"22":1,"23":1,"24":1,"25":1,"26":1,"27":1,"28":1,"29":1,"30":1,"31":1},"f":{},"b":{},"_coverageSchema":"1a1c01bbd47fc00a2c39e90264f33305004495a9","hash":"f8237d4dea9aa25c681a8e969a23549492597c66"}
,"C:\\Users\\ivanf\\OneDrive\\Área de Trabalho\\simodis-backend\\src\\Controller\\AnswersController.js": {"path":"C:\\Users\\ivanf\\OneDrive\\Área de Trabalho\\simodis-backend\\src\\Controller\\AnswersController.js","statementMap":{"0":{"start":{"line":1,"column":20},"end":{"line":1,"column":48}},"1":{"start":{"line":3,"column":0},"end":{"line":15,"column":1}},"2":{"start":{"line":5,"column":4},"end":{"line":5,"column":18}},"3":{"start":{"line":7,"column":22},"end":{"line":12,"column":6}},"4":{"start":{"line":13,"column":4},"end":{"line":13,"column":20}}},"fnMap":{"0":{"name":"(anonymous_0)","decl":{"start":{"line":4,"column":2},"end":{"line":4,"column":3}},"loc":{"start":{"line":4,"column":64},"end":{"line":14,"column":3}},"line":4}},"branchMap":{},"s":{"0":1,"1":1,"2":0,"3":0,"4":0},"f":{"0":0},"b":{},"_coverageSchema":"1a1c01bbd47fc00a2c39e90264f33305004495a9","hash":"e0a3df1ce418661d6ecf6214fb81f3ef928c268e"}
,"C:\\Users\\ivanf\\OneDrive\\Área de Trabalho\\simodis-backend\\src\\Controller\\AuthController.js": {"path":"C:\\Users\\ivanf\\OneDrive\\Área de Trabalho\\simodis-backend\\src\\Controller\\AuthController.js","statementMap":{"0":{"start":{"line":1,"column":15},"end":{"line":1,"column":32}},"1":{"start":{"line":2,"column":42},"end":{"line":2,"column":70}},"2":{"start":{"line":4,"column":21},"end":{"line":4,"column":50}},"3":{"start":{"line":6,"column":0},"end":{"line":89,"column":1}},"4":{"start":{"line":8,"column":19},"end":{"line":8,"column":40}},"5":{"start":{"line":9,"column":4},"end":{"line":12,"column":5}},"6":{"start":{"line":10,"column":6},"end":{"line":10,"column":42}},"7":{"start":{"line":11,"column":6},"end":{"line":11,"column":12}},"8":{"start":{"line":14,"column":17},"end":{"line":14,"column":33}},"9":{"start":{"line":16,"column":17},"end":{"line":20,"column":6}},"10":{"start":{"line":22,"column":4},"end":{"line":25,"column":5}},"11":{"start":{"line":23,"column":6},"end":{"line":23,"column":56}},"12":{"start":{"line":24,"column":6},"end":{"line":24,"column":12}},"13":{"start":{"line":27,"column":26},"end":{"line":27,"column":76}},"14":{"start":{"line":28,"column":4},"end":{"line":31,"column":5}},"15":{"start":{"line":29,"column":6},"end":{"line":29,"column":56}},"16":{"start":{"line":30,"column":6},"end":{"line":30,"column":12}},"17":{"start":{"line":33,"column":20},"end":{"line":33,"column":59}},"18":{"start":{"line":34,"column":18},"end":{"line":34,"column":48}},"19":{"start":{"line":36,"column":4},"end":{"line":43,"column":7}},"20":{"start":{"line":44,"column":4},"end":{"line":44,"column":46}},"21":{"start":{"line":48,"column":19},"end":{"line":48,"column":40}},"22":{"start":{"line":49,"column":4},"end":{"line":52,"column":5}},"23":{"start":{"line":50,"column":6},"end":{"line":50,"column":42}},"24":{"start":{"line":51,"column":6},"end":{"line":51,"column":12}},"25":{"start":{"line":54,"column":17},"end":{"line":54,"column":33}},"26":{"start":{"line":56,"column":4},"end":{"line":56,"column":19}},"27":{"start":{"line":58,"column":22},"end":{"line":62,"column":6}},"28":{"start":{"line":63,"column":4},"end":{"line":66,"column":5}},"29":{"start":{"line":64,"column":6},"end":{"line":64,"column":49}},"30":{"start":{"line":65,"column":6},"end":{"line":65,"column":12}},"31":{"start":{"line":68,"column":21},"end":{"line":68,"column":57}},"32":{"start":{"line":70,"column":20},"end":{"line":70,"column":59}},"33":{"start":{"line":71,"column":18},"end":{"line":71,"column":48}},"34":{"start":{"line":72,"column":23},"end":{"line":72,"column":64}},"35":{"start":{"line":74,"column":17},"end":{"line":81,"column":6}},"36":{"start":{"line":83,"column":4},"end":{"line":83,"column":21}},"37":{"start":{"line":84,"column":4},"end":{"line":84,"column":50}},"38":{"start":{"line":85,"column":4},"end":{"line":85,"column":27}},"39":{"start":{"line":87,"column":4},"end":{"line":87,"column":39}}},"fnMap":{"0":{"name":"(anonymous_0)","decl":{"start":{"line":7,"column":10},"end":{"line":7,"column":11}},"loc":{"start":{"line":7,"column":30},"end":{"line":45,"column":3}},"line":7},"1":{"name":"(anonymous_1)","decl":{"start":{"line":47,"column":10},"end":{"line":47,"column":11}},"loc":{"start":{"line":47,"column":30},"end":{"line":88,"column":3}},"line":47}},"branchMap":{"0":{"loc":{"start":{"line":9,"column":4},"end":{"line":12,"column":5}},"type":"if","locations":[{"start":{"line":9,"column":4},"end":{"line":12,"column":5}},{"start":{},"end":{}}],"line":9},"1":{"loc":{"start":{"line":22,"column":4},"end":{"line":25,"column":5}},"type":"if","locations":[{"start":{"line":22,"column":4},"end":{"line":25,"column":5}},{"start":{},"end":{}}],"line":22},"2":{"loc":{"start":{"line":28,"column":4},"end":{"line":31,"column":5}},"type":"if","locations":[{"start":{"line":28,"column":4},"end":{"line":31,"column":5}},{"start":{},"end":{}}],"line":28},"3":{"loc":{"start":{"line":49,"column":4},"end":{"line":52,"column":5}},"type":"if","locations":[{"start":{"line":49,"column":4},"end":{"line":52,"column":5}},{"start":{},"end":{}}],"line":49},"4":{"loc":{"start":{"line":63,"column":4},"end":{"line":66,"column":5}},"type":"if","locations":[{"start":{"line":63,"column":4},"end":{"line":66,"column":5}},{"start":{},"end":{}}],"line":63}},"s":{"0":1,"1":1,"2":1,"3":1,"4":3,"5":3,"6":0,"7":0,"8":3,"9":3,"10":3,"11":1,"12":1,"13":2,"14":2,"15":1,"16":1,"17":1,"18":1,"19":1,"20":1,"21":2,"22":2,"23":0,"24":0,"25":2,"26":2,"27":2,"28":2,"29":1,"30":1,"31":1,"32":1,"33":1,"34":1,"35":1,"36":1,"37":1,"38":1,"39":1},"f":{"0":3,"1":2},"b":{"0":[0,3],"1":[1,2],"2":[1,1],"3":[0,2],"4":[1,1]},"_coverageSchema":"1a1c01bbd47fc00a2c39e90264f33305004495a9","hash":"ba8e733f8e3201a68f035b945d4e685a2307292f"}
,"C:\\Users\\ivanf\\OneDrive\\Área de Trabalho\\simodis-backend\\src\\Controller\\ClassController.js": {"path":"C:\\Users\\ivanf\\OneDrive\\Área de Trabalho\\simodis-backend\\src\\Controller\\ClassController.js","statementMap":{"0":{"start":{"line":1,"column":21},"end":{"line":1,"column":50}},"1":{"start":{"line":2,"column":18},"end":{"line":2,"column":44}},"2":{"start":{"line":4,"column":0},"end":{"line":38,"column":1}},"3":{"start":{"line":6,"column":24},"end":{"line":6,"column":38}},"4":{"start":{"line":8,"column":15},"end":{"line":12,"column":6}},"5":{"start":{"line":14,"column":4},"end":{"line":17,"column":5}},"6":{"start":{"line":15,"column":6},"end":{"line":15,"column":44}},"7":{"start":{"line":16,"column":6},"end":{"line":16,"column":12}},"8":{"start":{"line":19,"column":4},"end":{"line":19,"column":16}},"9":{"start":{"line":21,"column":21},"end":{"line":24,"column":6}},"10":{"start":{"line":26,"column":4},"end":{"line":26,"column":25}},"11":{"start":{"line":28,"column":4},"end":{"line":28,"column":34}},"12":{"start":{"line":30,"column":4},"end":{"line":30,"column":26}},"13":{"start":{"line":34,"column":18},"end":{"line":34,"column":39}},"14":{"start":{"line":36,"column":4},"end":{"line":36,"column":25}}},"fnMap":{"0":{"name":"(anonymous_0)","decl":{"start":{"line":5,"column":10},"end":{"line":5,"column":11}},"loc":{"start":{"line":5,"column":30},"end":{"line":31,"column":3}},"line":5},"1":{"name":"(anonymous_1)","decl":{"start":{"line":33,"column":12},"end":{"line":33,"column":13}},"loc":{"start":{"line":33,"column":32},"end":{"line":37,"column":3}},"line":33}},"branchMap":{"0":{"loc":{"start":{"line":14,"column":4},"end":{"line":17,"column":5}},"type":"if","locations":[{"start":{"line":14,"column":4},"end":{"line":17,"column":5}},{"start":{},"end":{}}],"line":14}},"s":{"0":1,"1":1,"2":1,"3":1,"4":1,"5":1,"6":0,"7":0,"8":1,"9":1,"10":1,"11":1,"12":1,"13":1,"14":1},"f":{"0":1,"1":1},"b":{"0":[0,1]},"_coverageSchema":"1a1c01bbd47fc00a2c39e90264f33305004495a9","hash":"a5a562a7b64ec7c3611dc7aa06ebabb18500ad64"}
,"C:\\Users\\ivanf\\OneDrive\\Área de Trabalho\\simodis-backend\\src\\Controller\\CourseController.js": {"path":"C:\\Users\\ivanf\\OneDrive\\Área de Trabalho\\simodis-backend\\src\\Controller\\CourseController.js","statementMap":{"0":{"start":{"line":5,"column":4},"end":{"line":5,"column":32}},"1":{"start":{"line":7,"column":21},"end":{"line":7,"column":50}},"2":{"start":{"line":8,"column":18},"end":{"line":8,"column":44}},"3":{"start":{"line":9,"column":19},"end":{"line":9,"column":46}},"4":{"start":{"line":10,"column":19},"end":{"line":10,"column":46}},"5":{"start":{"line":11,"column":22},"end":{"line":11,"column":52}},"6":{"start":{"line":12,"column":20},"end":{"line":12,"column":48}},"7":{"start":{"line":14,"column":0},"end":{"line":136,"column":1}},"8":{"start":{"line":16,"column":19},"end":{"line":16,"column":40}},"9":{"start":{"line":17,"column":4},"end":{"line":20,"column":5}},"10":{"start":{"line":18,"column":6},"end":{"line":18,"column":42}},"11":{"start":{"line":19,"column":6},"end":{"line":19,"column":12}},"12":{"start":{"line":22,"column":17},"end":{"line":22,"column":33}},"13":{"start":{"line":24,"column":4},"end":{"line":24,"column":17}},"14":{"start":{"line":26,"column":21},"end":{"line":26,"column":43}},"15":{"start":{"line":28,"column":4},"end":{"line":32,"column":7}},"16":{"start":{"line":29,"column":6},"end":{"line":32,"column":7}},"17":{"start":{"line":30,"column":8},"end":{"line":30,"column":50}},"18":{"start":{"line":31,"column":8},"end":{"line":31,"column":14}},"19":{"start":{"line":34,"column":19},"end":{"line":37,"column":6}},"20":{"start":{"line":39,"column":4},"end":{"line":39,"column":23}},"21":{"start":{"line":40,"column":4},"end":{"line":40,"column":26}},"22":{"start":{"line":41,"column":4},"end":{"line":41,"column":48}},"23":{"start":{"line":43,"column":4},"end":{"line":43,"column":26}},"24":{"start":{"line":47,"column":16},"end":{"line":47,"column":37}},"25":{"start":{"line":48,"column":15},"end":{"line":52,"column":6}},"26":{"start":{"line":54,"column":18},"end":{"line":58,"column":6}},"27":{"start":{"line":59,"column":19},"end":{"line":59,"column":41}},"28":{"start":{"line":60,"column":28},"end":{"line":60,"column":32}},"29":{"start":{"line":62,"column":4},"end":{"line":78,"column":5}},"30":{"start":{"line":63,"column":6},"end":{"line":77,"column":7}},"31":{"start":{"line":64,"column":8},"end":{"line":76,"column":9}},"32":{"start":{"line":65,"column":22},"end":{"line":70,"column":12}},"33":{"start":{"line":71,"column":10},"end":{"line":75,"column":12}},"34":{"start":{"line":80,"column":4},"end":{"line":80,"column":35}},"35":{"start":{"line":84,"column":19},"end":{"line":84,"column":41}},"36":{"start":{"line":86,"column":4},"end":{"line":86,"column":26}},"37":{"start":{"line":90,"column":22},"end":{"line":94,"column":6}},"38":{"start":{"line":96,"column":23},"end":{"line":96,"column":25}},"39":{"start":{"line":98,"column":4},"end":{"line":109,"column":5}},"40":{"start":{"line":99,"column":22},"end":{"line":103,"column":8}},"41":{"start":{"line":105,"column":6},"end":{"line":108,"column":8}},"42":{"start":{"line":111,"column":4},"end":{"line":111,"column":30}},"43":{"start":{"line":115,"column":28},"end":{"line":115,"column":36}},"44":{"start":{"line":117,"column":4},"end":{"line":117,"column":40}},"45":{"start":{"line":118,"column":4},"end":{"line":118,"column":22}},"46":{"start":{"line":119,"column":15},"end":{"line":119,"column":17}},"47":{"start":{"line":120,"column":4},"end":{"line":132,"column":5}},"48":{"start":{"line":120,"column":14},"end":{"line":120,"column":15}},"49":{"start":{"line":121,"column":6},"end":{"line":127,"column":7}},"50":{"start":{"line":122,"column":10},"end":{"line":126,"column":10}},"51":{"start":{"line":129,"column":6},"end":{"line":131,"column":7}},"52":{"start":{"line":130,"column":8},"end":{"line":130,"column":24}},"53":{"start":{"line":134,"column":4},"end":{"line":134,"column":28}}},"fnMap":{"0":{"name":"(anonymous_0)","decl":{"start":{"line":15,"column":15},"end":{"line":15,"column":16}},"loc":{"start":{"line":15,"column":35},"end":{"line":44,"column":3}},"line":15},"1":{"name":"(anonymous_1)","decl":{"start":{"line":46,"column":12},"end":{"line":46,"column":13}},"loc":{"start":{"line":46,"column":32},"end":{"line":81,"column":3}},"line":46},"2":{"name":"(anonymous_2)","decl":{"start":{"line":83,"column":15},"end":{"line":83,"column":16}},"loc":{"start":{"line":83,"column":35},"end":{"line":87,"column":3}},"line":83},"3":{"name":"(anonymous_3)","decl":{"start":{"line":89,"column":14},"end":{"line":89,"column":15}},"loc":{"start":{"line":89,"column":34},"end":{"line":112,"column":3}},"line":89},"4":{"name":"(anonymous_4)","decl":{"start":{"line":114,"column":15},"end":{"line":114,"column":16}},"loc":{"start":{"line":114,"column":35},"end":{"line":135,"column":3}},"line":114}},"branchMap":{"0":{"loc":{"start":{"line":17,"column":4},"end":{"line":20,"column":5}},"type":"if","locations":[{"start":{"line":17,"column":4},"end":{"line":20,"column":5}},{"start":{},"end":{}}],"line":17},"1":{"loc":{"start":{"line":29,"column":6},"end":{"line":32,"column":7}},"type":"if","locations":[{"start":{"line":29,"column":6},"end":{"line":32,"column":7}},{"start":{},"end":{}}],"line":29},"2":{"loc":{"start":{"line":64,"column":8},"end":{"line":76,"column":9}},"type":"if","locations":[{"start":{"line":64,"column":8},"end":{"line":76,"column":9}},{"start":{},"end":{}}],"line":64},"3":{"loc":{"start":{"line":121,"column":6},"end":{"line":127,"column":7}},"type":"if","locations":[{"start":{"line":121,"column":6},"end":{"line":127,"column":7}},{"start":{},"end":{}}],"line":121},"4":{"loc":{"start":{"line":129,"column":6},"end":{"line":131,"column":7}},"type":"if","locations":[{"start":{"line":129,"column":6},"end":{"line":131,"column":7}},{"start":{},"end":{}}],"line":129}},"s":{"0":1,"1":1,"2":1,"3":1,"4":1,"5":1,"6":1,"7":1,"8":1,"9":1,"10":0,"11":0,"12":1,"13":1,"14":1,"15":1,"16":0,"17":0,"18":0,"19":1,"20":1,"21":1,"22":1,"23":1,"24":1,"25":1,"26":1,"27":1,"28":1,"29":1,"30":1,"31":1,"32":1,"33":1,"34":1,"35":1,"36":1,"37":0,"38":0,"39":0,"40":0,"41":0,"42":0,"43":1,"44":1,"45":1,"46":1,"47":1,"48":1,"49":0,"50":0,"51":0,"52":0,"53":1},"f":{"0":1,"1":1,"2":1,"3":0,"4":1},"b":{"0":[0,1],"1":[0,0],"2":[1,0],"3":[0,0],"4":[0,0]},"_coverageSchema":"1a1c01bbd47fc00a2c39e90264f33305004495a9","hash":"a689be926a721fc6138c0efb5bb5a9396a681f20"}
,"C:\\Users\\ivanf\\OneDrive\\Área de Trabalho\\simodis-backend\\src\\Controller\\GradesController.js": {"path":"C:\\Users\\ivanf\\OneDrive\\Área de Trabalho\\simodis-backend\\src\\Controller\\GradesController.js","statementMap":{"0":{"start":{"line":1,"column":21},"end":{"line":1,"column":50}},"1":{"start":{"line":2,"column":19},"end":{"line":2,"column":46}},"2":{"start":{"line":4,"column":0},"end":{"line":38,"column":1}},"3":{"start":{"line":6,"column":24},"end":{"line":6,"column":39}},"4":{"start":{"line":7,"column":20},"end":{"line":7,"column":34}},"5":{"start":{"line":9,"column":15},"end":{"line":13,"column":6}},"6":{"start":{"line":15,"column":4},"end":{"line":18,"column":5}},"7":{"start":{"line":16,"column":6},"end":{"line":16,"column":44}},"8":{"start":{"line":17,"column":6},"end":{"line":17,"column":12}},"9":{"start":{"line":20,"column":4},"end":{"line":20,"column":17}},"10":{"start":{"line":22,"column":19},"end":{"line":26,"column":6}},"11":{"start":{"line":28,"column":4},"end":{"line":28,"column":23}},"12":{"start":{"line":30,"column":4},"end":{"line":30,"column":26}},"13":{"start":{"line":34,"column":17},"end":{"line":34,"column":41}},"14":{"start":{"line":36,"column":4},"end":{"line":36,"column":24}}},"fnMap":{"0":{"name":"(anonymous_0)","decl":{"start":{"line":5,"column":10},"end":{"line":5,"column":11}},"loc":{"start":{"line":5,"column":30},"end":{"line":31,"column":3}},"line":5},"1":{"name":"(anonymous_1)","decl":{"start":{"line":33,"column":13},"end":{"line":33,"column":14}},"loc":{"start":{"line":33,"column":33},"end":{"line":37,"column":3}},"line":33}},"branchMap":{"0":{"loc":{"start":{"line":15,"column":4},"end":{"line":18,"column":5}},"type":"if","locations":[{"start":{"line":15,"column":4},"end":{"line":18,"column":5}},{"start":{},"end":{}}],"line":15}},"s":{"0":1,"1":1,"2":1,"3":1,"4":1,"5":1,"6":1,"7":0,"8":0,"9":1,"10":1,"11":1,"12":1,"13":1,"14":1},"f":{"0":1,"1":1},"b":{"0":[0,1]},"_coverageSchema":"1a1c01bbd47fc00a2c39e90264f33305004495a9","hash":"a345a4b40f400aad73d1ec83c11cfc51a625f662"}
,"C:\\Users\\ivanf\\OneDrive\\Área de Trabalho\\simodis-backend\\src\\Controller\\QuestionsController.js": {"path":"C:\\Users\\ivanf\\OneDrive\\Área de Trabalho\\simodis-backend\\src\\Controller\\QuestionsController.js","statementMap":{"0":{"start":{"line":1,"column":42},"end":{"line":1,"column":70}},"1":{"start":{"line":3,"column":22},"end":{"line":3,"column":52}},"2":{"start":{"line":4,"column":20},"end":{"line":4,"column":48}},"3":{"start":{"line":5,"column":21},"end":{"line":5,"column":50}},"4":{"start":{"line":6,"column":19},"end":{"line":6,"column":46}},"5":{"start":{"line":8,"column":26},"end":{"line":8,"column":68}},"6":{"start":{"line":10,"column":0},"end":{"line":113,"column":1}},"7":{"start":{"line":12,"column":19},"end":{"line":12,"column":40}},"8":{"start":{"line":13,"column":4},"end":{"line":16,"column":5}},"9":{"start":{"line":14,"column":6},"end":{"line":14,"column":42}},"10":{"start":{"line":15,"column":6},"end":{"line":15,"column":12}},"11":{"start":{"line":18,"column":17},"end":{"line":18,"column":33}},"12":{"start":{"line":20,"column":4},"end":{"line":20,"column":20}},"13":{"start":{"line":22,"column":22},"end":{"line":22,"column":49}},"14":{"start":{"line":23,"column":25},"end":{"line":23,"column":26}},"15":{"start":{"line":24,"column":16},"end":{"line":24,"column":17}},"16":{"start":{"line":25,"column":22},"end":{"line":25,"column":43}},"17":{"start":{"line":26,"column":4},"end":{"line":33,"column":5}},"18":{"start":{"line":27,"column":21},"end":{"line":27,"column":50}},"19":{"start":{"line":28,"column":6},"end":{"line":32,"column":7}},"20":{"start":{"line":29,"column":8},"end":{"line":31,"column":9}},"21":{"start":{"line":30,"column":10},"end":{"line":30,"column":17}},"22":{"start":{"line":35,"column":4},"end":{"line":38,"column":5}},"23":{"start":{"line":36,"column":6},"end":{"line":36,"column":23}},"24":{"start":{"line":37,"column":6},"end":{"line":37,"column":12}},"25":{"start":{"line":40,"column":24},"end":{"line":43,"column":6}},"26":{"start":{"line":44,"column":4},"end":{"line":44,"column":28}},"27":{"start":{"line":46,"column":18},"end":{"line":48,"column":6}},"28":{"start":{"line":51,"column":4},"end":{"line":51,"column":71}},"29":{"start":{"line":52,"column":4},"end":{"line":52,"column":71}},"30":{"start":{"line":53,"column":4},"end":{"line":53,"column":73}},"31":{"start":{"line":54,"column":4},"end":{"line":54,"column":72}},"32":{"start":{"line":55,"column":4},"end":{"line":55,"column":72}},"33":{"start":{"line":56,"column":4},"end":{"line":56,"column":18}}},"fnMap":{"0":{"name":"(anonymous_0)","decl":{"start":{"line":11,"column":10},"end":{"line":11,"column":11}},"loc":{"start":{"line":11,"column":30},"end":{"line":57,"column":3}},"line":11}},"branchMap":{"0":{"loc":{"start":{"line":13,"column":4},"end":{"line":16,"column":5}},"type":"if","locations":[{"start":{"line":13,"column":4},"end":{"line":16,"column":5}},{"start":{},"end":{}}],"line":13},"1":{"loc":{"start":{"line":29,"column":8},"end":{"line":31,"column":9}},"type":"if","locations":[{"start":{"line":29,"column":8},"end":{"line":31,"column":9}},{"start":{},"end":{}}],"line":29},"2":{"loc":{"start":{"line":35,"column":4},"end":{"line":38,"column":5}},"type":"if","locations":[{"start":{"line":35,"column":4},"end":{"line":38,"column":5}},{"start":{},"end":{}}],"line":35}},"s":{"0":1,"1":1,"2":1,"3":1,"4":1,"5":1,"6":1,"7":1,"8":1,"9":1,"10":1,"11":0,"12":0,"13":0,"14":0,"15":0,"16":0,"17":0,"18":0,"19":0,"20":0,"21":0,"22":0,"23":0,"24":0,"25":0,"26":0,"27":0,"28":0,"29":0,"30":0,"31":0,"32":0,"33":0},"f":{"0":1},"b":{"0":[1,0],"1":[0,0],"2":[0,0]},"_coverageSchema":"1a1c01bbd47fc00a2c39e90264f33305004495a9","hash":"9fcdde2e589b2d07efdfbdb210c2c4808878ed81"}
,"C:\\Users\\ivanf\\OneDrive\\Área de Trabalho\\simodis-backend\\src\\Controller\\UserController.js": {"path":"C:\\Users\\ivanf\\OneDrive\\Área de Trabalho\\simodis-backend\\src\\Controller\\UserController.js","statementMap":{"0":{"start":{"line":1,"column":15},"end":{"line":1,"column":32}},"1":{"start":{"line":2,"column":25},"end":{"line":2,"column":48}},"2":{"start":{"line":3,"column":42},"end":{"line":3,"column":70}},"3":{"start":{"line":5,"column":21},"end":{"line":5,"column":50}},"4":{"start":{"line":6,"column":19},"end":{"line":6,"column":46}},"5":{"start":{"line":7,"column":19},"end":{"line":7,"column":46}},"6":{"start":{"line":8,"column":18},"end":{"line":8,"column":44}},"7":{"start":{"line":10,"column":18},"end":{"line":10,"column":47}},"8":{"start":{"line":12,"column":0},"end":{"line":196,"column":1}},"9":{"start":{"line":14,"column":16},"end":{"line":14,"column":40}},"10":{"start":{"line":16,"column":4},"end":{"line":16,"column":23}},"11":{"start":{"line":20,"column":16},"end":{"line":20,"column":37}},"12":{"start":{"line":22,"column":15},"end":{"line":26,"column":6}},"13":{"start":{"line":28,"column":4},"end":{"line":32,"column":6}},"14":{"start":{"line":36,"column":19},"end":{"line":36,"column":40}},"15":{"start":{"line":37,"column":4},"end":{"line":40,"column":5}},"16":{"start":{"line":38,"column":6},"end":{"line":38,"column":42}},"17":{"start":{"line":39,"column":6},"end":{"line":39,"column":12}},"18":{"start":{"line":42,"column":17},"end":{"line":42,"column":33}},"19":{"start":{"line":44,"column":4},"end":{"line":53,"column":5}},"20":{"start":{"line":45,"column":6},"end":{"line":52,"column":7}},"21":{"start":{"line":55,"column":4},"end":{"line":64,"column":5}},"22":{"start":{"line":56,"column":6},"end":{"line":63,"column":7}},"23":{"start":{"line":66,"column":4},"end":{"line":76,"column":5}},"24":{"start":{"line":67,"column":29},"end":{"line":67,"column":69}},"25":{"start":{"line":68,"column":6},"end":{"line":75,"column":7}},"26":{"start":{"line":78,"column":4},"end":{"line":78,"column":16}},"27":{"start":{"line":82,"column":22},"end":{"line":82,"column":31}},"28":{"start":{"line":84,"column":24},"end":{"line":88,"column":6}},"29":{"start":{"line":90,"column":4},"end":{"line":92,"column":5}},"30":{"start":{"line":91,"column":6},"end":{"line":91,"column":57}},"31":{"start":{"line":94,"column":18},"end":{"line":96,"column":6}},"32":{"start":{"line":98,"column":4},"end":{"line":166,"column":5}},"33":{"start":{"line":159,"column":8},"end":{"line":164,"column":9}},"34":{"start":{"line":160,"column":10},"end":{"line":163,"column":12}},"35":{"start":{"line":168,"column":4},"end":{"line":168,"column":16}},"36":{"start":{"line":172,"column":35},"end":{"line":172,"column":43}},"37":{"start":{"line":174,"column":4},"end":{"line":194,"column":5}},"38":{"start":{"line":178,"column":8},"end":{"line":180,"column":9}},"39":{"start":{"line":179,"column":10},"end":{"line":179,"column":55}},"40":{"start":{"line":182,"column":31},"end":{"line":182,"column":65}},"41":{"start":{"line":183,"column":8},"end":{"line":190,"column":9}},"42":{"start":{"line":192,"column":8},"end":{"line":192,"column":20}}},"fnMap":{"0":{"name":"(anonymous_0)","decl":{"start":{"line":13,"column":12},"end":{"line":13,"column":13}},"loc":{"start":{"line":13,"column":32},"end":{"line":17,"column":3}},"line":13},"1":{"name":"(anonymous_1)","decl":{"start":{"line":19,"column":13},"end":{"line":19,"column":14}},"loc":{"start":{"line":19,"column":33},"end":{"line":33,"column":3}},"line":19},"2":{"name":"(anonymous_2)","decl":{"start":{"line":35,"column":14},"end":{"line":35,"column":15}},"loc":{"start":{"line":35,"column":34},"end":{"line":79,"column":3}},"line":35},"3":{"name":"(anonymous_3)","decl":{"start":{"line":81,"column":19},"end":{"line":81,"column":20}},"loc":{"start":{"line":81,"column":39},"end":{"line":169,"column":3}},"line":81},"4":{"name":"(anonymous_4)","decl":{"start":{"line":158,"column":6},"end":{"line":158,"column":7}},"loc":{"start":{"line":158,"column":21},"end":{"line":165,"column":7}},"line":158},"5":{"name":"(anonymous_5)","decl":{"start":{"line":171,"column":15},"end":{"line":171,"column":16}},"loc":{"start":{"line":171,"column":29},"end":{"line":195,"column":3}},"line":171},"6":{"name":"(anonymous_6)","decl":{"start":{"line":177,"column":6},"end":{"line":177,"column":7}},"loc":{"start":{"line":177,"column":36},"end":{"line":193,"column":7}},"line":177}},"branchMap":{"0":{"loc":{"start":{"line":37,"column":4},"end":{"line":40,"column":5}},"type":"if","locations":[{"start":{"line":37,"column":4},"end":{"line":40,"column":5}},{"start":{},"end":{}}],"line":37},"1":{"loc":{"start":{"line":44,"column":4},"end":{"line":53,"column":5}},"type":"if","locations":[{"start":{"line":44,"column":4},"end":{"line":53,"column":5}},{"start":{},"end":{}}],"line":44},"2":{"loc":{"start":{"line":55,"column":4},"end":{"line":64,"column":5}},"type":"if","locations":[{"start":{"line":55,"column":4},"end":{"line":64,"column":5}},{"start":{},"end":{}}],"line":55},"3":{"loc":{"start":{"line":66,"column":4},"end":{"line":76,"column":5}},"type":"if","locations":[{"start":{"line":66,"column":4},"end":{"line":76,"column":5}},{"start":{},"end":{}}],"line":66},"4":{"loc":{"start":{"line":90,"column":4},"end":{"line":92,"column":5}},"type":"if","locations":[{"start":{"line":90,"column":4},"end":{"line":92,"column":5}},{"start":{},"end":{}}],"line":90},"5":{"loc":{"start":{"line":159,"column":8},"end":{"line":164,"column":9}},"type":"if","locations":[{"start":{"line":159,"column":8},"end":{"line":164,"column":9}},{"start":{},"end":{}}],"line":159},"6":{"loc":{"start":{"line":178,"column":8},"end":{"line":180,"column":9}},"type":"if","locations":[{"start":{"line":178,"column":8},"end":{"line":180,"column":9}},{"start":{},"end":{}}],"line":178}},"s":{"0":1,"1":1,"2":1,"3":1,"4":1,"5":1,"6":1,"7":1,"8":1,"9":1,"10":1,"11":1,"12":1,"13":1,"14":4,"15":4,"16":0,"17":0,"18":4,"19":4,"20":2,"21":4,"22":2,"23":4,"24":1,"25":1,"26":4,"27":0,"28":0,"29":0,"30":0,"31":0,"32":0,"33":0,"34":0,"35":0,"36":0,"37":0,"38":0,"39":0,"40":0,"41":0,"42":0},"f":{"0":1,"1":1,"2":4,"3":0,"4":0,"5":0,"6":0},"b":{"0":[0,4],"1":[2,2],"2":[2,2],"3":[1,3],"4":[0,0],"5":[0,0],"6":[0,0]},"_coverageSchema":"1a1c01bbd47fc00a2c39e90264f33305004495a9","hash":"86d7887975ce9bdf87fd3d95b47992b6e295b058"}
,"C:\\Users\\ivanf\\OneDrive\\Área de Trabalho\\simodis-backend\\src\\Dao\\DB.js": {"path":"C:\\Users\\ivanf\\OneDrive\\Área de Trabalho\\simodis-backend\\src\\Dao\\DB.js","statementMap":{"0":{"start":{"line":1,"column":22},"end":{"line":1,"column":42}},"1":{"start":{"line":2,"column":18},"end":{"line":5,"column":2}},"2":{"start":{"line":7,"column":0},"end":{"line":7,"column":27}}},"fnMap":{},"branchMap":{},"s":{"0":1,"1":1,"2":1},"f":{},"b":{},"_coverageSchema":"1a1c01bbd47fc00a2c39e90264f33305004495a9","hash":"aedcf847f57d3df969d7f7892b5aefb11bd12e6d"}
,"C:\\Users\\ivanf\\OneDrive\\Área de Trabalho\\simodis-backend\\src\\Models\\Answers.js": {"path":"C:\\Users\\ivanf\\OneDrive\\Área de Trabalho\\simodis-backend\\src\\Models\\Answers.js","statementMap":{"0":{"start":{"line":1,"column":18},"end":{"line":1,"column":38}},"1":{"start":{"line":2,"column":18},"end":{"line":2,"column":38}},"2":{"start":{"line":4,"column":0},"end":{"line":23,"column":1}}},"fnMap":{},"branchMap":{},"s":{"0":1,"1":1,"2":1},"f":{},"b":{},"_coverageSchema":"1a1c01bbd47fc00a2c39e90264f33305004495a9","hash":"f54ede2be1b89088a2a85b48f05f2cae583df935"}
,"C:\\Users\\ivanf\\OneDrive\\Área de Trabalho\\simodis-backend\\src\\Models\\Class.js": {"path":"C:\\Users\\ivanf\\OneDrive\\Área de Trabalho\\simodis-backend\\src\\Models\\Class.js","statementMap":{"0":{"start":{"line":1,"column":18},"end":{"line":1,"column":38}},"1":{"start":{"line":2,"column":18},"end":{"line":2,"column":38}},"2":{"start":{"line":4,"column":0},"end":{"line":14,"column":1}}},"fnMap":{},"branchMap":{},"s":{"0":1,"1":1,"2":1},"f":{},"b":{},"_coverageSchema":"1a1c01bbd47fc00a2c39e90264f33305004495a9","hash":"0dc12cd5afb28db333e430604de9641d5b125b4c"}
,"C:\\Users\\ivanf\\OneDrive\\Área de Trabalho\\simodis-backend\\src\\Models\\Course.js": {"path":"C:\\Users\\ivanf\\OneDrive\\Área de Trabalho\\simodis-backend\\src\\Models\\Course.js","statementMap":{"0":{"start":{"line":1,"column":18},"end":{"line":1,"column":38}},"1":{"start":{"line":2,"column":18},"end":{"line":2,"column":38}},"2":{"start":{"line":4,"column":0},"end":{"line":15,"column":1}}},"fnMap":{},"branchMap":{},"s":{"0":1,"1":1,"2":1},"f":{},"b":{},"_coverageSchema":"1a1c01bbd47fc00a2c39e90264f33305004495a9","hash":"7fbd27086f2608ba804be40e6b2d8019b76c7ca2"}
,"C:\\Users\\ivanf\\OneDrive\\Área de Trabalho\\simodis-backend\\src\\Models\\Grades.js": {"path":"C:\\Users\\ivanf\\OneDrive\\Área de Trabalho\\simodis-backend\\src\\Models\\Grades.js","statementMap":{"0":{"start":{"line":1,"column":18},"end":{"line":1,"column":38}},"1":{"start":{"line":2,"column":18},"end":{"line":2,"column":38}},"2":{"start":{"line":4,"column":0},"end":{"line":17,"column":1}}},"fnMap":{},"branchMap":{},"s":{"0":1,"1":1,"2":1},"f":{},"b":{},"_coverageSchema":"1a1c01bbd47fc00a2c39e90264f33305004495a9","hash":"aaa02d3ea1128746d586417148380183d0122aa1"}
,"C:\\Users\\ivanf\\OneDrive\\Área de Trabalho\\simodis-backend\\src\\Models\\Questions.js": {"path":"C:\\Users\\ivanf\\OneDrive\\Área de Trabalho\\simodis-backend\\src\\Models\\Questions.js","statementMap":{"0":{"start":{"line":1,"column":18},"end":{"line":1,"column":38}},"1":{"start":{"line":2,"column":18},"end":{"line":2,"column":38}},"2":{"start":{"line":4,"column":0},"end":{"line":14,"column":1}}},"fnMap":{},"branchMap":{},"s":{"0":1,"1":1,"2":1},"f":{},"b":{},"_coverageSchema":"1a1c01bbd47fc00a2c39e90264f33305004495a9","hash":"fe07ce008d9b986ffa24dadbc52eba846994a6ce"}
,"C:\\Users\\ivanf\\OneDrive\\Área de Trabalho\\simodis-backend\\src\\Models\\Usuarios.js": {"path":"C:\\Users\\ivanf\\OneDrive\\Área de Trabalho\\simodis-backend\\src\\Models\\Usuarios.js","statementMap":{"0":{"start":{"line":1,"column":18},"end":{"line":1,"column":38}},"1":{"start":{"line":2,"column":18},"end":{"line":2,"column":38}},"2":{"start":{"line":4,"column":0},"end":{"line":27,"column":1}}},"fnMap":{},"branchMap":{},"s":{"0":1,"1":1,"2":1},"f":{},"b":{},"_coverageSchema":"1a1c01bbd47fc00a2c39e90264f33305004495a9","hash":"67eace3771337f62238fa37cbfc5761990e7a152"}
,"C:\\Users\\ivanf\\OneDrive\\Área de Trabalho\\simodis-backend\\src\\Validators\\AuthValidator.js": {"path":"C:\\Users\\ivanf\\OneDrive\\Área de Trabalho\\simodis-backend\\src\\Validators\\AuthValidator.js","statementMap":{"0":{"start":{"line":1,"column":24},"end":{"line":1,"column":52}},"1":{"start":{"line":3,"column":0},"end":{"line":29,"column":1}}},"fnMap":{},"branchMap":{},"s":{"0":1,"1":1},"f":{},"b":{},"_coverageSchema":"1a1c01bbd47fc00a2c39e90264f33305004495a9","hash":"0eb7fe8eb5e463b61f1d6430f93908822a9fdc05"}
,"C:\\Users\\ivanf\\OneDrive\\Área de Trabalho\\simodis-backend\\src\\Validators\\CourseValidator.js": {"path":"C:\\Users\\ivanf\\OneDrive\\Área de Trabalho\\simodis-backend\\src\\Validators\\CourseValidator.js","statementMap":{"0":{"start":{"line":1,"column":24},"end":{"line":1,"column":52}},"1":{"start":{"line":3,"column":0},"end":{"line":14,"column":1}}},"fnMap":{},"branchMap":{},"s":{"0":1,"1":1},"f":{},"b":{},"_coverageSchema":"1a1c01bbd47fc00a2c39e90264f33305004495a9","hash":"d904d8737c1a9ac5d4f3314b291b44030f51371c"}
,"C:\\Users\\ivanf\\OneDrive\\Área de Trabalho\\simodis-backend\\src\\Validators\\QuestionsValidator.js": {"path":"C:\\Users\\ivanf\\OneDrive\\Área de Trabalho\\simodis-backend\\src\\Validators\\QuestionsValidator.js","statementMap":{"0":{"start":{"line":1,"column":24},"end":{"line":1,"column":52}},"1":{"start":{"line":3,"column":0},"end":{"line":33,"column":1}}},"fnMap":{},"branchMap":{},"s":{"0":1,"1":1},"f":{},"b":{},"_coverageSchema":"1a1c01bbd47fc00a2c39e90264f33305004495a9","hash":"4ff876ef518c818da5c04b80818ec3499645c807"}
,"C:\\Users\\ivanf\\OneDrive\\Área de Trabalho\\simodis-backend\\src\\Validators\\UserValidator.js": {"path":"C:\\Users\\ivanf\\OneDrive\\Área de Trabalho\\simodis-backend\\src\\Validators\\UserValidator.js","statementMap":{"0":{"start":{"line":1,"column":24},"end":{"line":1,"column":52}},"1":{"start":{"line":3,"column":0},"end":{"line":33,"column":1}}},"fnMap":{},"branchMap":{},"s":{"0":1,"1":1},"f":{},"b":{},"_coverageSchema":"1a1c01bbd47fc00a2c39e90264f33305004495a9","hash":"59573a3643d4e42c73016f0bb169bbdddaa99486"}
,"C:\\Users\\ivanf\\OneDrive\\Área de Trabalho\\simodis-backend\\src\\middlewares\\Auth.js": {"path":"C:\\Users\\ivanf\\OneDrive\\Área de Trabalho\\simodis-backend\\src\\middlewares\\Auth.js","statementMap":{"0":{"start":{"line":2,"column":17},"end":{"line":2,"column":46}},"1":{"start":{"line":4,"column":0},"end":{"line":39,"column":1}},"2":{"start":{"line":6,"column":4},"end":{"line":9,"column":5}},"3":{"start":{"line":7,"column":6},"end":{"line":7,"column":36}},"4":{"start":{"line":8,"column":6},"end":{"line":8,"column":12}},"5":{"start":{"line":11,"column":16},"end":{"line":11,"column":18}},"6":{"start":{"line":13,"column":4},"end":{"line":15,"column":5}},"7":{"start":{"line":14,"column":6},"end":{"line":14,"column":29}},"8":{"start":{"line":17,"column":4},"end":{"line":19,"column":5}},"9":{"start":{"line":18,"column":6},"end":{"line":18,"column":28}},"10":{"start":{"line":21,"column":4},"end":{"line":24,"column":5}},"11":{"start":{"line":22,"column":6},"end":{"line":22,"column":36}},"12":{"start":{"line":23,"column":6},"end":{"line":23,"column":12}},"13":{"start":{"line":26,"column":17},"end":{"line":30,"column":6}},"14":{"start":{"line":32,"column":4},"end":{"line":35,"column":5}},"15":{"start":{"line":33,"column":6},"end":{"line":33,"column":36}},"16":{"start":{"line":34,"column":6},"end":{"line":34,"column":12}},"17":{"start":{"line":37,"column":4},"end":{"line":37,"column":10}}},"fnMap":{"0":{"name":"(anonymous_0)","decl":{"start":{"line":5,"column":11},"end":{"line":5,"column":12}},"loc":{"start":{"line":5,"column":37},"end":{"line":38,"column":3}},"line":5}},"branchMap":{"0":{"loc":{"start":{"line":6,"column":4},"end":{"line":9,"column":5}},"type":"if","locations":[{"start":{"line":6,"column":4},"end":{"line":9,"column":5}},{"start":{},"end":{}}],"line":6},"1":{"loc":{"start":{"line":6,"column":8},"end":{"line":6,"column":43}},"type":"binary-expr","locations":[{"start":{"line":6,"column":8},"end":{"line":6,"column":24}},{"start":{"line":6,"column":28},"end":{"line":6,"column":43}}],"line":6},"2":{"loc":{"start":{"line":13,"column":4},"end":{"line":15,"column":5}},"type":"if","locations":[{"start":{"line":13,"column":4},"end":{"line":15,"column":5}},{"start":{},"end":{}}],"line":13},"3":{"loc":{"start":{"line":17,"column":4},"end":{"line":19,"column":5}},"type":"if","locations":[{"start":{"line":17,"column":4},"end":{"line":19,"column":5}},{"start":{},"end":{}}],"line":17},"4":{"loc":{"start":{"line":21,"column":4},"end":{"line":24,"column":5}},"type":"if","locations":[{"start":{"line":21,"column":4},"end":{"line":24,"column":5}},{"start":{},"end":{}}],"line":21},"5":{"loc":{"start":{"line":32,"column":4},"end":{"line":35,"column":5}},"type":"if","locations":[{"start":{"line":32,"column":4},"end":{"line":35,"column":5}},{"start":{},"end":{}}],"line":32}},"s":{"0":1,"1":1,"2":9,"3":0,"4":0,"5":9,"6":9,"7":8,"8":9,"9":1,"10":9,"11":0,"12":0,"13":9,"14":9,"15":0,"16":0,"17":9},"f":{"0":9},"b":{"0":[0,9],"1":[9,1],"2":[8,1],"3":[1,8],"4":[0,9],"5":[0,9]},"_coverageSchema":"1a1c01bbd47fc00a2c39e90264f33305004495a9","hash":"65232dbb781d85175a720d3f5e8cd4f3cd596508"}
}
