TN:
SF:server.js
FN:10,(anonymous_0)
FN:12,(anonymous_1)
FNF:2
FNH:1
FNDA:1,(anonymous_0)
FNDA:0,(anonymous_1)
DA:1,1
DA:4,1
DA:5,1
DA:6,1
DA:8,1
DA:10,1
DA:11,1
DA:13,0
DA:16,1
DA:18,1
DA:19,1
DA:20,1
DA:22,1
DA:24,1
DA:26,1
LF:15
LH:14
BRDA:2,0,0,0
BRDA:2,0,1,1
BRF:2
BRH:1
end_of_record
TN:
SF:config\index.js
FNF:0
FNH:0
DA:1,1
DA:4,1
DA:20,1
LF:3
LH:3
BRF:0
BRH:0
end_of_record
TN:
SF:src\routes.js
FNF:0
FNH:0
DA:1,1
DA:2,1
DA:3,1
DA:5,1
DA:6,1
DA:7,1
DA:8,1
DA:9,1
DA:10,1
DA:12,1
DA:13,1
DA:14,1
DA:15,1
DA:17,1
DA:19,1
DA:20,1
DA:21,1
DA:26,1
DA:31,1
DA:37,1
DA:39,1
DA:41,1
DA:47,1
DA:48,1
DA:49,1
DA:50,1
DA:52,1
DA:54,1
DA:56,1
DA:58,1
DA:60,1
DA:66,1
LF:32
LH:32
BRF:0
BRH:0
end_of_record
TN:
SF:src\Controller\AnswersController.js
FN:4,(anonymous_0)
FNF:1
FNH:0
FNDA:0,(anonymous_0)
DA:1,1
DA:3,1
DA:5,0
DA:7,0
DA:13,0
LF:5
LH:2
BRF:0
BRH:0
end_of_record
TN:
SF:src\Controller\AuthController.js
FN:7,(anonymous_0)
FN:47,(anonymous_1)
FNF:2
FNH:2
FNDA:3,(anonymous_0)
FNDA:2,(anonymous_1)
DA:1,1
DA:2,1
DA:4,1
DA:6,1
DA:8,3
DA:9,3
DA:10,0
DA:11,0
DA:14,3
DA:16,3
DA:22,3
DA:23,1
DA:24,1
DA:27,2
DA:28,2
DA:29,1
DA:30,1
DA:33,1
DA:34,1
DA:36,1
DA:44,1
DA:48,2
DA:49,2
DA:50,0
DA:51,0
DA:54,2
DA:56,2
DA:58,2
DA:63,2
DA:64,1
DA:65,1
DA:68,1
DA:70,1
DA:71,1
DA:72,1
DA:74,1
DA:83,1
DA:84,1
DA:85,1
DA:87,1
LF:40
LH:36
BRDA:9,0,0,0
BRDA:9,0,1,3
BRDA:22,1,0,1
BRDA:22,1,1,2
BRDA:28,2,0,1
BRDA:28,2,1,1
BRDA:49,3,0,0
BRDA:49,3,1,2
BRDA:63,4,0,1
BRDA:63,4,1,1
BRF:10
BRH:8
end_of_record
TN:
SF:src\Controller\ClassController.js
FN:5,(anonymous_0)
FN:33,(anonymous_1)
FNF:2
FNH:2
FNDA:1,(anonymous_0)
FNDA:1,(anonymous_1)
DA:1,1
DA:2,1
DA:4,1
DA:6,1
DA:8,1
DA:14,1
DA:15,0
DA:16,0
DA:19,1
DA:21,1
DA:26,1
DA:28,1
DA:30,1
DA:34,1
DA:36,1
LF:15
LH:13
BRDA:14,0,0,0
BRDA:14,0,1,1
BRF:2
BRH:1
end_of_record
TN:
SF:src\Controller\CourseController.js
FN:15,(anonymous_0)
FN:46,(anonymous_1)
FN:83,(anonymous_2)
FN:89,(anonymous_3)
FN:114,(anonymous_4)
FNF:5
FNH:4
FNDA:1,(anonymous_0)
FNDA:1,(anonymous_1)
FNDA:1,(anonymous_2)
FNDA:0,(anonymous_3)
FNDA:1,(anonymous_4)
DA:5,1
DA:7,1
DA:8,1
DA:9,1
DA:10,1
DA:11,1
DA:12,1
DA:14,1
DA:16,1
DA:17,1
DA:18,0
DA:19,0
DA:22,1
DA:24,1
DA:26,1
DA:28,1
DA:29,0
DA:30,0
DA:31,0
DA:34,1
DA:39,1
DA:40,1
DA:41,1
DA:43,1
DA:47,1
DA:48,1
DA:54,1
DA:59,1
DA:60,1
DA:62,1
DA:63,1
DA:64,1
DA:65,1
DA:71,1
DA:80,1
DA:84,1
DA:86,1
DA:90,0
DA:96,0
DA:98,0
DA:99,0
DA:105,0
DA:111,0
DA:115,1
DA:117,1
DA:118,1
DA:119,1
DA:120,1
DA:121,0
DA:122,0
DA:129,0
DA:130,0
DA:134,1
LF:53
LH:38
BRDA:17,0,0,0
BRDA:17,0,1,1
BRDA:29,1,0,0
BRDA:29,1,1,0
BRDA:64,2,0,1
BRDA:64,2,1,0
BRDA:121,3,0,0
BRDA:121,3,1,0
BRDA:129,4,0,0
BRDA:129,4,1,0
BRF:10
BRH:2
end_of_record
TN:
SF:src\Controller\GradesController.js
FN:5,(anonymous_0)
FN:33,(anonymous_1)
FNF:2
FNH:2
FNDA:1,(anonymous_0)
FNDA:1,(anonymous_1)
DA:1,1
DA:2,1
DA:4,1
DA:6,1
DA:7,1
DA:9,1
DA:15,1
DA:16,0
DA:17,0
DA:20,1
DA:22,1
DA:28,1
DA:30,1
DA:34,1
DA:36,1
LF:15
LH:13
BRDA:15,0,0,0
BRDA:15,0,1,1
BRF:2
BRH:1
end_of_record
TN:
SF:src\Controller\QuestionsController.js
FN:11,(anonymous_0)
FNF:1
FNH:1
FNDA:1,(anonymous_0)
DA:1,1
DA:3,1
DA:4,1
DA:5,1
DA:6,1
DA:8,1
DA:10,1
DA:12,1
DA:13,1
DA:14,1
DA:15,1
DA:18,0
DA:20,0
DA:22,0
DA:23,0
DA:24,0
DA:25,0
DA:26,0
DA:27,0
DA:28,0
DA:29,0
DA:30,0
DA:35,0
DA:36,0
DA:37,0
DA:40,0
DA:44,0
DA:46,0
DA:51,0
DA:52,0
DA:53,0
DA:54,0
DA:55,0
DA:56,0
LF:34
LH:11
BRDA:13,0,0,1
BRDA:13,0,1,0
BRDA:29,1,0,0
BRDA:29,1,1,0
BRDA:35,2,0,0
BRDA:35,2,1,0
BRF:6
BRH:1
end_of_record
TN:
SF:src\Controller\UserController.js
FN:13,(anonymous_0)
FN:19,(anonymous_1)
FN:35,(anonymous_2)
FN:81,(anonymous_3)
FN:158,(anonymous_4)
FN:171,(anonymous_5)
FN:177,(anonymous_6)
FNF:7
FNH:3
FNDA:1,(anonymous_0)
FNDA:1,(anonymous_1)
FNDA:4,(anonymous_2)
FNDA:0,(anonymous_3)
FNDA:0,(anonymous_4)
FNDA:0,(anonymous_5)
FNDA:0,(anonymous_6)
DA:1,1
DA:2,1
DA:3,1
DA:5,1
DA:6,1
DA:7,1
DA:8,1
DA:10,1
DA:12,1
DA:14,1
DA:16,1
DA:20,1
DA:22,1
DA:28,1
DA:36,4
DA:37,4
DA:38,0
DA:39,0
DA:42,4
DA:44,4
DA:45,2
DA:55,4
DA:56,2
DA:66,4
DA:67,1
DA:68,1
DA:78,4
DA:82,0
DA:84,0
DA:90,0
DA:91,0
DA:94,0
DA:98,0
DA:159,0
DA:160,0
DA:168,0
DA:172,0
DA:174,0
DA:178,0
DA:179,0
DA:182,0
DA:183,0
DA:192,0
LF:43
LH:25
BRDA:37,0,0,0
BRDA:37,0,1,4
BRDA:44,1,0,2
BRDA:44,1,1,2
BRDA:55,2,0,2
BRDA:55,2,1,2
BRDA:66,3,0,1
BRDA:66,3,1,3
BRDA:90,4,0,0
BRDA:90,4,1,0
BRDA:159,5,0,0
BRDA:159,5,1,0
BRDA:178,6,0,0
BRDA:178,6,1,0
BRF:14
BRH:7
end_of_record
TN:
SF:src\Dao\DB.js
FNF:0
FNH:0
DA:1,1
DA:2,1
DA:7,1
LF:3
LH:3
BRF:0
BRH:0
end_of_record
TN:
SF:src\Models\Answers.js
FNF:0
FNH:0
DA:1,1
DA:2,1
DA:4,1
LF:3
LH:3
BRF:0
BRH:0
end_of_record
TN:
SF:src\Models\Class.js
FNF:0
FNH:0
DA:1,1
DA:2,1
DA:4,1
LF:3
LH:3
BRF:0
BRH:0
end_of_record
TN:
SF:src\Models\Course.js
FNF:0
FNH:0
DA:1,1
DA:2,1
DA:4,1
LF:3
LH:3
BRF:0
BRH:0
end_of_record
TN:
SF:src\Models\Grades.js
FNF:0
FNH:0
DA:1,1
DA:2,1
DA:4,1
LF:3
LH:3
BRF:0
BRH:0
end_of_record
TN:
SF:src\Models\Questions.js
FNF:0
FNH:0
DA:1,1
DA:2,1
DA:4,1
LF:3
LH:3
BRF:0
BRH:0
end_of_record
TN:
SF:src\Models\Usuarios.js
FNF:0
FNH:0
DA:1,1
DA:2,1
DA:4,1
LF:3
LH:3
BRF:0
BRH:0
end_of_record
TN:
SF:src\Validators\AuthValidator.js
FNF:0
FNH:0
DA:1,1
DA:3,1
LF:2
LH:2
BRF:0
BRH:0
end_of_record
TN:
SF:src\Validators\CourseValidator.js
FNF:0
FNH:0
DA:1,1
DA:3,1
LF:2
LH:2
BRF:0
BRH:0
end_of_record
TN:
SF:src\Validators\QuestionsValidator.js
FNF:0
FNH:0
DA:1,1
DA:3,1
LF:2
LH:2
BRF:0
BRH:0
end_of_record
TN:
SF:src\Validators\UserValidator.js
FNF:0
FNH:0
DA:1,1
DA:3,1
LF:2
LH:2
BRF:0
BRH:0
end_of_record
TN:
SF:src\middlewares\Auth.js
FN:5,(anonymous_0)
FNF:1
FNH:1
FNDA:9,(anonymous_0)
DA:2,1
DA:4,1
DA:6,9
DA:7,0
DA:8,0
DA:11,9
DA:13,9
DA:14,8
DA:17,9
DA:18,1
DA:21,9
DA:22,0
DA:23,0
DA:26,9
DA:32,9
DA:33,0
DA:34,0
DA:37,9
LF:18
LH:12
BRDA:6,0,0,0
BRDA:6,0,1,9
BRDA:6,1,0,9
BRDA:6,1,1,1
BRDA:13,2,0,8
BRDA:13,2,1,1
BRDA:17,3,0,1
BRDA:17,3,1,8
BRDA:21,4,0,0
BRDA:21,4,1,9
BRDA:32,5,0,0
BRDA:32,5,1,9
BRF:12
BRH:9
end_of_record
